{
  "RSpec": {
    "coverage": {
      "/Users/luis.d/code/github/pleme-io/pangea-splunk/lib/pangea-splunk.rb": {
        "lines": [
          null,
          null,
          null,
          1,
          1,
          null,
          null,
          1,
          null,
          null,
          1,
          1,
          1,
          1,
          null,
          null,
          1
        ]
      },
      "/Users/luis.d/code/github/pleme-io/pangea-splunk/lib/pangea/types/splunk_types.rb": {
        "lines": [
          null,
          null,
          1,
          1,
          null,
          1,
          1,
          1,
          null,
          null,
          null,
          1,
          1,
          null,
          1,
          null,
          null,
          1,
          null,
          null,
          null,
          null,
          1,
          null,
          null,
          null,
          null,
          null,
          null,
          null,
          1,
          null,
          null,
          null,
          null,
          null,
          null,
          null,
          null,
          null
        ]
      },
      "/Users/luis.d/code/github/pleme-io/pangea-splunk/lib/pangea/resources/splunk_inputs_http_event_collector/resource.rb": {
        "lines": [
          null,
          null,
          null,
          1,
          1,
          1,
          1,
          null,
          1,
          1,
          1,
          null,
          1,
          null,
          null,
          null,
          null,
          null,
          null,
          1,
          1,
          null,
          null,
          1
        ]
      },
      "/Users/luis.d/code/github/pleme-io/pangea-splunk/lib/pangea/resources/splunk_inputs_http_event_collector/types.rb": {
        "lines": [
          null,
          null,
          null,
          1,
          1,
          null,
          1,
          1,
          1,
          1,
          null,
          1,
          1,
          1,
          1,
          1,
          1,
          1,
          null,
          null
        ]
      },
      "/Users/luis.d/code/github/pleme-io/pangea-splunk/lib/pangea/resources/splunk_indexes/resource.rb": {
        "lines": [
          null,
          null,
          null,
          1,
          1,
          1,
          1,
          null,
          1,
          1,
          1,
          null,
          1,
          null,
          null,
          null,
          null,
          null,
          null,
          1,
          1,
          null,
          null,
          1
        ]
      },
      "/Users/luis.d/code/github/pleme-io/pangea-splunk/lib/pangea/resources/splunk_indexes/types.rb": {
        "lines": [
          null,
          null,
          null,
          1,
          1,
          null,
          1,
          1,
          1,
          1,
          null,
          1,
          1,
          1,
          1,
          1,
          1,
          1,
          1,
          1,
          1,
          null,
          null
        ]
      },
      "/Users/luis.d/code/github/pleme-io/pangea-splunk/lib/pangea/resources/splunk_saved_searches/resource.rb": {
        "lines": [
          null,
          null,
          null,
          1,
          1,
          1,
          1,
          null,
          1,
          1,
          1,
          null,
          1,
          null,
          null,
          null,
          null,
          null,
          null,
          1,
          1,
          null,
          null,
          1
        ]
      },
      "/Users/luis.d/code/github/pleme-io/pangea-splunk/lib/pangea/resources/splunk_saved_searches/types.rb": {
        "lines": [
          null,
          null,
          null,
          1,
          1,
          null,
          1,
          1,
          1,
          1,
          null,
          1,
          1,
          1,
          1,
          1,
          1,
          1,
          1,
          1,
          1,
          1,
          1,
          1,
          1,
          1,
          1,
          null,
          null
        ]
      },
      "/Users/luis.d/code/github/pleme-io/pangea-splunk/lib/pangea/resources/splunk_apps_local/resource.rb": {
        "lines": [
          null,
          null,
          null,
          1,
          1,
          1,
          1,
          null,
          1,
          1,
          1,
          null,
          1,
          null,
          null,
          null,
          null,
          null,
          null,
          1,
          1,
          null,
          null,
          1
        ]
      },
      "/Users/luis.d/code/github/pleme-io/pangea-splunk/lib/pangea/resources/splunk_apps_local/types.rb": {
        "lines": [
          null,
          null,
          null,
          1,
          1,
          null,
          1,
          1,
          1,
          1,
          null,
          1,
          1,
          1,
          1,
          1,
          1,
          1,
          null,
          null
        ]
      },
      "/Users/luis.d/code/github/pleme-io/pangea-splunk/lib/pangea/resources/splunk.rb": {
        "lines": [
          null,
          null,
          null,
          1,
          1,
          1,
          1,
          1,
          1,
          1,
          null,
          null,
          null
        ]
      },
      "/Users/luis.d/code/github/pleme-io/pangea-splunk/lib/pangea-splunk/version.rb": {
        "lines": [
          null,
          null,
          0,
          0,
          0
        ],
        "branches": {
        }
      }
    },
    "timestamp": 1774408596
  }
}
